2024-04-24 22:16:48,117 INFO  Main: Начало скачек. Количество участников: [Horse@52b1beb6, Horse@273e7444, Horse@7db12bb6, Horse@783a467b, Horse@272113c4, Horse@73e9cf30, Horse@771a660]
2024-04-24 22:18:28,728 INFO  Main: Начало скачек. Количество участников: 7
2024-04-24 22:19:51,218 INFO  Main: Начало скачек. Количество участников: 7
2024-04-24 22:20:11,994 INFO  Main: Окончание скачек. Победитель: Cherry
2024-04-24 22:32:24,405 DEBUG Main: Создание Hippodrome, лошадей: 7
2024-04-24 22:32:24,408 INFO  Main: Начало скачек. Количество участников: 7
2024-04-24 22:32:45,174 INFO  Main: Окончание скачек. Победитель: Cherry
2024-04-24 22:34:48,706 DEBUG Hippodrome: Создание Hippodrome, лошадей: 7
2024-04-24 22:34:48,710 INFO  Main: Начало скачек. Количество участников: 7
2024-04-24 22:35:09,451 INFO  Main: Окончание скачек. Победитель: Cherry
2024-04-24 22:36:15,936 ERROR Horse: Name is null
2024-04-24 22:36:21,097 ERROR Horse: Name is null
2024-04-24 22:36:51,940 ERROR Horse: Speed is negative
2024-04-24 23:02:57,480 ERROR Horse: Name is null
2024-04-24 23:02:57,495 ERROR Horse: Name is null
2024-04-24 23:02:57,503 ERROR Horse: Speed is negative
2024-04-24 23:02:57,512 ERROR Horse: Speed is negative
2024-04-24 23:02:57,514 ERROR Horse: Distance is negative
2024-04-24 23:02:57,518 ERROR Horse: Distance is negative
2024-04-24 23:02:57,579 ERROR Horse: Name is blank
2024-04-24 23:02:57,586 ERROR Horse: Name is blank
2024-04-24 23:02:57,590 ERROR Horse: Name is blank
2024-04-24 23:02:57,595 ERROR Horse: Name is blank
2024-04-24 23:02:57,599 ERROR Horse: Name is blank
2024-04-24 23:02:57,603 ERROR Horse: Name is blank
2024-04-24 23:12:50,918 DEBUG Horse: Создание: class Horse, имя Bucephalus, скорость 2.4
2024-04-24 23:12:50,920 DEBUG Horse: Создание: class Horse, имя Ace of Spades, скорость 2.5
2024-04-24 23:12:50,920 DEBUG Horse: Создание: class Horse, имя Zephyr, скорость 2.6
2024-04-24 23:12:50,920 DEBUG Horse: Создание: class Horse, имя Blaze, скорость 2.7
2024-04-24 23:12:50,921 DEBUG Horse: Создание: class Horse, имя Lobster, скорость 2.8
2024-04-24 23:12:50,921 DEBUG Horse: Создание: class Horse, имя Pegasus, скорость 2.9
2024-04-24 23:12:50,921 DEBUG Horse: Создание: class Horse, имя Cherry, скорость 3.0
2024-04-24 23:12:50,922 DEBUG Hippodrome: Создание Hippodrome, лошадей: 7
2024-04-24 23:12:50,922 INFO  Main: Начало скачек. Количество участников: 7
2024-04-24 23:13:11,176 INFO  Main: Окончание скачек. Победитель: Cherry
2024-04-24 23:14:17,055 DEBUG Horse: Создание: class Horse, имя Bucephalus, скорость 2.4
2024-04-24 23:14:17,058 DEBUG Horse: Создание: class Horse, имя Ace of Spades, скорость 2.5
2024-04-24 23:14:17,058 DEBUG Horse: Создание: class Horse, имя Zephyr, скорость 2.6
2024-04-24 23:14:17,059 DEBUG Horse: Создание: class Horse, имя Blaze, скорость 2.7
2024-04-24 23:14:17,059 DEBUG Horse: Создание: class Horse, имя Lobster, скорость 2.8
2024-04-24 23:14:17,059 DEBUG Horse: Создание: class Horse, имя Pegasus, скорость 2.9
2024-04-24 23:14:17,059 DEBUG Horse: Создание: class Horse, имя Cherry, скорость 3.0
2024-04-24 23:14:17,060 DEBUG Hippodrome: Создание Hippodrome, лошадей: 7
2024-04-24 23:14:17,060 INFO  Main: Начало скачек. Количество участников: 7
2024-04-24 23:14:37,304 INFO  Main: Окончание скачек. Победитель: Pegasus
2024-04-24 23:15:33,009 DEBUG Horse: Создание: Horse@7d4f9aae, имя Bucephalus, скорость 2.4
2024-04-24 23:15:33,011 DEBUG Horse: Создание: Horse@60bd273d, имя Ace of Spades, скорость 2.5
2024-04-24 23:15:33,011 DEBUG Horse: Создание: Horse@121314f7, имя Zephyr, скорость 2.6
2024-04-24 23:15:33,012 DEBUG Horse: Создание: Horse@130c12b7, имя Blaze, скорость 2.7
2024-04-24 23:15:33,012 DEBUG Horse: Создание: Horse@5e600dd5, имя Lobster, скорость 2.8
2024-04-24 23:15:33,012 DEBUG Horse: Создание: Horse@576d5deb, имя Pegasus, скорость 2.9
2024-04-24 23:15:33,012 DEBUG Horse: Создание: Horse@5d534f5d, имя Cherry, скорость 3.0
2024-04-24 23:15:33,013 DEBUG Hippodrome: Создание Hippodrome, лошадей: 7
2024-04-24 23:15:33,013 INFO  Main: Начало скачек. Количество участников: 7
2024-04-24 23:15:53,231 INFO  Main: Окончание скачек. Победитель: Cherry
2024-04-24 23:38:16,095 ERROR Hippodrome: Horses list is null
2024-04-24 23:38:17,020 DEBUG Hippodrome: Создание Hippodrome, лошадей: 50
2024-04-24 23:38:17,085 DEBUG Hippodrome: Создание Hippodrome, лошадей: 4
2024-04-24 23:38:17,090 ERROR Hippodrome: Horses list is empty
2024-04-24 23:38:17,094 DEBUG Hippodrome: Создание Hippodrome, лошадей: 10
2024-04-24 23:38:39,064 ERROR Horse: Name is null
2024-04-24 23:38:39,075 ERROR Horse: Name is null
2024-04-24 23:38:39,081 ERROR Horse: Speed is negative
2024-04-24 23:38:39,094 DEBUG Horse: Создание: Horse@77d67cf3, имя Jerry, скорость 1.0
2024-04-24 23:38:39,098 ERROR Horse: Speed is negative
2024-04-24 23:38:39,100 ERROR Horse: Distance is negative
2024-04-24 23:38:39,102 ERROR Horse: Distance is negative
2024-04-24 23:38:40,193 ERROR Horse: Name is blank
2024-04-24 23:38:40,197 ERROR Horse: Name is blank
2024-04-24 23:38:40,200 ERROR Horse: Name is blank
2024-04-24 23:38:40,206 ERROR Horse: Name is blank
2024-04-24 23:38:40,210 ERROR Horse: Name is blank
2024-04-24 23:38:40,213 ERROR Horse: Name is blank
